Using pre-set license
Built from '2020.3/release' branch; Version is '2020.3.1f1 (77a89f25062f) revision 7841951'; Using compiler version '192528614'; Build Type 'Release'
OS: 'Windows 10 Pro; OS build 19042.685; Version 2009; 64bit' Language: 'en' Physical Memory: 16312 MB
BatchMode: 1, IsHumanControllingUs: 0, StartBugReporterOnCrash: 0, Is64bit: 1, IsPro: 0

 COMMAND LINE ARGUMENTS:
C:\Program Files\Unity\Hub\Editor\2020.3.1f1\Editor\Unity.exe
-adb2
-batchMode
-noUpm
-name
AssetImportWorker0
-projectPath
C:/Projects/Unity Projects/Asteroids
-logFile
Logs/AssetImportWorker0.log
-srvPort
51899
Successfully changed project path to: C:/Projects/Unity Projects/Asteroids
C:/Projects/Unity Projects/Asteroids
Using Asset Import Pipeline V2.
Refreshing native plugins compatible for Editor in 32.59 ms, found 1 plugins.
Preloading 0 native plugins for Editor in 0.00 ms.
Initialize engine version: 2020.3.1f1 (77a89f25062f)
[Subsystems] Discovering subsystems at path C:/Program Files/Unity/Hub/Editor/2020.3.1f1/Editor/Data/Resources/UnitySubsystems
[Subsystems] Discovering subsystems at path C:/Projects/Unity Projects/Asteroids/Assets
GfxDevice: creating device client; threaded=0
Direct3D:
    Version:  Direct3D 11.0 [level 11.1]
    Renderer: Radeon RX 590 Series (ID=0x67df)
    Vendor:   
    VRAM:     8171 MB
    Driver:   27.20.14501.28009
Initialize mono
Mono path[0] = 'C:/Program Files/Unity/Hub/Editor/2020.3.1f1/Editor/Data/Managed'
Mono path[1] = 'C:/Program Files/Unity/Hub/Editor/2020.3.1f1/Editor/Data/MonoBleedingEdge/lib/mono/unityjit'
Mono config path = 'C:/Program Files/Unity/Hub/Editor/2020.3.1f1/Editor/Data/MonoBleedingEdge/etc'
Using monoOptions --debugger-agent=transport=dt_socket,embedding=1,server=y,suspend=n,address=127.0.0.1:56488
Begin MonoManager ReloadAssembly
Registering precompiled unity dll's ...
Register platform support module: C:/Program Files/Unity/Hub/Editor/2020.3.1f1/Editor/Data/PlaybackEngines/WebGLSupport/UnityEditor.WebGL.Extensions.dll
Register platform support module: C:/Program Files/Unity/Hub/Editor/2020.3.1f1/Editor/Data/PlaybackEngines/WindowsStandaloneSupport/UnityEditor.WindowsStandalone.Extensions.dll
Registered in 0.001685 seconds.
Native extension for WindowsStandalone target not found
Native extension for WebGL target not found
Refreshing native plugins compatible for Editor in 39.55 ms, found 1 plugins.
Preloading 0 native plugins for Editor in 0.00 ms.
Invoked RoslynAnalysisRunner static constructor.
RoslynAnalysisRunner will not be running.
RoslynAnalysisRunner has terminated.
Mono: successfully reloaded assembly
- Completed reload, in  1.495 seconds
Platform modules already initialized, skipping
Registering precompiled user dll's ...
Registered in 0.000622 seconds.
Begin MonoManager ReloadAssembly
Native extension for WindowsStandalone target not found
Native extension for WebGL target not found
Refreshing native plugins compatible for Editor in 33.53 ms, found 1 plugins.
Preloading 0 native plugins for Editor in 0.00 ms.
Invoked RoslynAnalysisRunner static constructor.
RoslynAnalysisRunner will not be running.
RoslynAnalysisRunner has terminated.
Mono: successfully reloaded assembly
- Completed reload, in  0.802 seconds
Platform modules already initialized, skipping
========================================================================
Worker process is ready to serve import requests
Launched and connected shader compiler UnityShaderCompiler.exe after 0.04 seconds
Refreshing native plugins compatible for Editor in 0.40 ms, found 1 plugins.
Preloading 0 native plugins for Editor in 0.00 ms.
Unloading 1806 Unused Serialized files (Serialized files now loaded: 0)
System memory in use before: 84.5 MB.
System memory in use after: 84.5 MB.

Unloading 24 unused Assets to reduce memory usage. Loaded Objects now: 2248.
Total: 1.983200 ms (FindLiveObjects: 0.219800 ms CreateObjectMapping: 0.081900 ms MarkObjects: 1.560800 ms  DeleteObjects: 0.119800 ms)

========================================================================
Received Import Request.
  path: Assets/Graphics
  artifactKey: Guid(7866c07a499138b47a7d5efa74fa9a2b) Importer(815301076,1909f56bfc062723c751e8b465ee728b)
Start importing Assets/Graphics using Guid(7866c07a499138b47a7d5efa74fa9a2b) Importer(815301076,1909f56bfc062723c751e8b465ee728b)  -> (artifact id: 'bc8878d394917a1394ca0becd46e3eba') in 0.010599 seconds
  Import took 0.013458 seconds .

========================================================================
Received Import Request.
  Time since last request: 0.000163 seconds.
  path: Assets/Graphics/Sprites/Asteroids.png
  artifactKey: Guid(cedf1f78f72da7c4494d13fc92aa05d3) Importer(815301076,1909f56bfc062723c751e8b465ee728b)
Start importing Assets/Graphics/Sprites/Asteroids.png using Guid(cedf1f78f72da7c4494d13fc92aa05d3) Importer(815301076,1909f56bfc062723c751e8b465ee728b)  -> (artifact id: '84c88ef9d8c7f3ac20aecd916e1986ba') in 0.109792 seconds
  Import took 0.112380 seconds .

========================================================================
Received Import Request.
  Time since last request: 0.000153 seconds.
  path: Assets/Graphics/Sprites/Ship.png
  artifactKey: Guid(5282c64790425b94592414db807e1fa2) Importer(815301076,1909f56bfc062723c751e8b465ee728b)
Start importing Assets/Graphics/Sprites/Ship.png using Guid(5282c64790425b94592414db807e1fa2) Importer(815301076,1909f56bfc062723c751e8b465ee728b)  -> (artifact id: '731a4a31bb2dbb526b4b7f77ce52368e') in 0.019722 seconds
  Import took 0.022266 seconds .

========================================================================
Received Import Request.
  Time since last request: 0.000166 seconds.
  path: Assets/Graphics/Sprites
  artifactKey: Guid(a65d189d0ff386743837445fd2f365be) Importer(815301076,1909f56bfc062723c751e8b465ee728b)
Start importing Assets/Graphics/Sprites using Guid(a65d189d0ff386743837445fd2f365be) Importer(815301076,1909f56bfc062723c751e8b465ee728b)  -> (artifact id: '28c40a0912a37d82cfb24c5129665225') in 0.014413 seconds
  Import took 0.016918 seconds .

========================================================================
Received Import Request.
  Time since last request: 0.000172 seconds.
  path: Assets/Graphics/Sprites/Ship.png
  artifactKey: Guid(5282c64790425b94592414db807e1fa2) Importer(815301076,1909f56bfc062723c751e8b465ee728b)
Start importing Assets/Graphics/Sprites/Ship.png using Guid(5282c64790425b94592414db807e1fa2) Importer(815301076,1909f56bfc062723c751e8b465ee728b)  -> (artifact id: '731a4a31bb2dbb526b4b7f77ce52368e') in 0.006252 seconds
  Import took 0.008697 seconds .

========================================================================
Received Import Request.
  Time since last request: 4.029578 seconds.
  path: Assets/Graphics/Sprites/Asteroids.png
  artifactKey: Guid(cedf1f78f72da7c4494d13fc92aa05d3) Importer(815301076,1909f56bfc062723c751e8b465ee728b)
Start importing Assets/Graphics/Sprites/Asteroids.png using Guid(cedf1f78f72da7c4494d13fc92aa05d3) Importer(815301076,1909f56bfc062723c751e8b465ee728b)  -> (artifact id: '455ec5bc49559032fc2dc875d3c424c4') in 0.010052 seconds
  Import took 0.015942 seconds .

========================================================================
Received Import Request.
  Time since last request: 5.078238 seconds.
  path: Assets/Graphics/Sprites/Ship.png
  artifactKey: Guid(5282c64790425b94592414db807e1fa2) Importer(815301076,1909f56bfc062723c751e8b465ee728b)
Start importing Assets/Graphics/Sprites/Ship.png using Guid(5282c64790425b94592414db807e1fa2) Importer(815301076,1909f56bfc062723c751e8b465ee728b)  -> (artifact id: '6467cb5ae70695b3f17988b4945db0b0') in 0.006145 seconds
  Import took 0.015316 seconds .

========================================================================
Received Import Request.
  Time since last request: 10.450691 seconds.
  path: Assets/Graphics/Sprites/Asteroids.png
  artifactKey: Guid(cedf1f78f72da7c4494d13fc92aa05d3) Importer(815301076,1909f56bfc062723c751e8b465ee728b)
Start importing Assets/Graphics/Sprites/Asteroids.png using Guid(cedf1f78f72da7c4494d13fc92aa05d3) Importer(815301076,1909f56bfc062723c751e8b465ee728b)  -> (artifact id: 'e7f5deb1e3741d8e8abcc8cc21078a3c') in 0.012304 seconds
  Import took 0.019136 seconds .

========================================================================
Received Import Request.
  Time since last request: 73.121208 seconds.
  path: Assets/Graphics/Sprites/Asteroids.png
  artifactKey: Guid(cedf1f78f72da7c4494d13fc92aa05d3) Importer(815301076,1909f56bfc062723c751e8b465ee728b)
Start importing Assets/Graphics/Sprites/Asteroids.png using Guid(cedf1f78f72da7c4494d13fc92aa05d3) Importer(815301076,1909f56bfc062723c751e8b465ee728b)  -> (artifact id: '82b3bda37da2638acafacbf8eb52dae2') in 0.020946 seconds
  Import took 0.024951 seconds .

========================================================================
Received Import Request.
  Time since last request: 148.110413 seconds.
  path: Assets/Graphics/Sprites/Asteroids.png
  artifactKey: Guid(cedf1f78f72da7c4494d13fc92aa05d3) Importer(815301076,1909f56bfc062723c751e8b465ee728b)
Start importing Assets/Graphics/Sprites/Asteroids.png using Guid(cedf1f78f72da7c4494d13fc92aa05d3) Importer(815301076,1909f56bfc062723c751e8b465ee728b)  -> (artifact id: 'b2850314e5101b97b957564905efe99b') in 0.051415 seconds
  Import took 0.055721 seconds .

========================================================================
Received Import Request.
  Time since last request: 42.409107 seconds.
  path: Assets/Graphics/Sprites/Asteroids.png
  artifactKey: Guid(cedf1f78f72da7c4494d13fc92aa05d3) Importer(815301076,1909f56bfc062723c751e8b465ee728b)
Start importing Assets/Graphics/Sprites/Asteroids.png using Guid(cedf1f78f72da7c4494d13fc92aa05d3) Importer(815301076,1909f56bfc062723c751e8b465ee728b)  -> (artifact id: '56188181b49e09d8e90045b7264e3755') in 0.016369 seconds
  Import took 0.020056 seconds .

========================================================================
Received Import Request.
  Time since last request: 176.864823 seconds.
  path: Assets/Graphics/Sprites/Alien.png
  artifactKey: Guid(ac9c48cd863af1e498a153dc870bdd4e) Importer(815301076,1909f56bfc062723c751e8b465ee728b)
Start importing Assets/Graphics/Sprites/Alien.png using Guid(ac9c48cd863af1e498a153dc870bdd4e) Importer(815301076,1909f56bfc062723c751e8b465ee728b)  -> (artifact id: '7ed8c8f36804debb93d3a475760349be') in 0.016960 seconds
  Import took 0.020298 seconds .

========================================================================
Received Import Request.
  Time since last request: 0.000186 seconds.
  path: Assets/Graphics/Sprites/Bullet.png
  artifactKey: Guid(fcaaffc0adf832a4fbd64539275e1165) Importer(815301076,1909f56bfc062723c751e8b465ee728b)
Start importing Assets/Graphics/Sprites/Bullet.png using Guid(fcaaffc0adf832a4fbd64539275e1165) Importer(815301076,1909f56bfc062723c751e8b465ee728b)  -> (artifact id: 'e9c115e27e584857f7d65b3c47f438c8') in 0.020210 seconds
  Import took 0.023221 seconds .

========================================================================
Received Import Request.
  Time since last request: 17.126479 seconds.
  path: Assets/Graphics/Sprites/Bullet.png
  artifactKey: Guid(fcaaffc0adf832a4fbd64539275e1165) Importer(815301076,1909f56bfc062723c751e8b465ee728b)
Start importing Assets/Graphics/Sprites/Bullet.png using Guid(fcaaffc0adf832a4fbd64539275e1165) Importer(815301076,1909f56bfc062723c751e8b465ee728b)  -> (artifact id: '47b9b1f37305691c398daba2834000ca') in 0.006154 seconds
  Import took 0.009321 seconds .

========================================================================
Received Import Request.
  Time since last request: 13.737551 seconds.
  path: Assets/Graphics/Sprites/Alien.png
  artifactKey: Guid(ac9c48cd863af1e498a153dc870bdd4e) Importer(815301076,1909f56bfc062723c751e8b465ee728b)
Start importing Assets/Graphics/Sprites/Alien.png using Guid(ac9c48cd863af1e498a153dc870bdd4e) Importer(815301076,1909f56bfc062723c751e8b465ee728b)  -> (artifact id: '3232f9f83b7f4abe0d1cc31a96010019') in 0.007974 seconds
  Import took 0.011553 seconds .

========================================================================
Received Import Request.
  Time since last request: 0.003382 seconds.
  path: Assets/Graphics/Sprites/Alien.png
  artifactKey: Guid(ac9c48cd863af1e498a153dc870bdd4e) Importer(815301076,1909f56bfc062723c751e8b465ee728b)
Start importing Assets/Graphics/Sprites/Alien.png using Guid(ac9c48cd863af1e498a153dc870bdd4e) Importer(815301076,1909f56bfc062723c751e8b465ee728b)  -> (artifact id: '3232f9f83b7f4abe0d1cc31a96010019') in 0.006099 seconds
  Import took 0.008632 seconds .

========================================================================
Received Import Request.
  Time since last request: 54.720769 seconds.
  path: Assets/Graphics/Fonts
  artifactKey: Guid(3a54aa4b402e48d449d4dbaec36a0e41) Importer(815301076,1909f56bfc062723c751e8b465ee728b)
Start importing Assets/Graphics/Fonts using Guid(3a54aa4b402e48d449d4dbaec36a0e41) Importer(815301076,1909f56bfc062723c751e8b465ee728b)  -> (artifact id: '234bd7ff8d95337c833f6cc8217ffccf') in 0.005763 seconds
  Import took 0.009538 seconds .

========================================================================
Received Import Request.
  Time since last request: 41.067535 seconds.
  path: Assets/Graphics/Fonts/PressStart2P-Regular SDF.asset
  artifactKey: Guid(42ce52be1467b5640b5379b9f5bdd730) Importer(815301076,1909f56bfc062723c751e8b465ee728b)
Start importing Assets/Graphics/Fonts/PressStart2P-Regular SDF.asset using Guid(42ce52be1467b5640b5379b9f5bdd730) Importer(815301076,1909f56bfc062723c751e8b465ee728b)  -> (artifact id: '7d95305d4069986f77966ccd6bf8a6c4') in 0.074438 seconds
  Import took 0.077924 seconds .

========================================================================
Received Import Request.
  Time since last request: 0.000173 seconds.
  path: Assets/Graphics/Fonts/PressStart2P-Regular.ttf
  artifactKey: Guid(ea6632723815c8745b575a363df8ff24) Importer(815301076,1909f56bfc062723c751e8b465ee728b)
Start importing Assets/Graphics/Fonts/PressStart2P-Regular.ttf using Guid(ea6632723815c8745b575a363df8ff24) Importer(815301076,1909f56bfc062723c751e8b465ee728b)  -> (artifact id: 'f5f0927aa3d157c1e8a27db11c8926e6') in 0.027081 seconds
  Import took 0.030215 seconds .

